app/api/habits/reflections/route.ts(40,38): error TS2339: Property 'habitReflection' does not exist on type 'PrismaClient<PrismaClientOptions, never, DefaultArgs>'.
app/api/habits/reflections/route.ts(109,37): error TS2339: Property 'habitReflection' does not exist on type 'PrismaClient<PrismaClientOptions, never, DefaultArgs>'.
app/api/should-dos/[id]/like/route.ts(23,35): error TS2339: Property 'shouldDo' does not exist on type 'PrismaClient<PrismaClientOptions, never, DefaultArgs>'.
app/api/should-dos/[id]/like/route.ts(32,14): error TS2339: Property 'shouldDoLike' does not exist on type 'PrismaClient<PrismaClientOptions, never, DefaultArgs>'.
app/api/should-dos/[id]/like/route.ts(38,14): error TS2339: Property 'shouldDo' does not exist on type 'PrismaClient<PrismaClientOptions, never, DefaultArgs>'.
app/api/should-dos/[id]/like/route.ts(79,35): error TS2339: Property 'shouldDo' does not exist on type 'PrismaClient<PrismaClientOptions, never, DefaultArgs>'.
app/api/should-dos/[id]/like/route.ts(87,32): error TS2339: Property 'shouldDoLike' does not exist on type 'PrismaClient<PrismaClientOptions, never, DefaultArgs>'.
app/api/should-dos/[id]/like/route.ts(99,14): error TS2339: Property 'shouldDoLike' does not exist on type 'PrismaClient<PrismaClientOptions, never, DefaultArgs>'.
app/api/should-dos/[id]/like/route.ts(102,14): error TS2339: Property 'shouldDo' does not exist on type 'PrismaClient<PrismaClientOptions, never, DefaultArgs>'.
app/api/should-dos/[id]/route.ts(57,14): error TS2339: Property 'shouldDo' does not exist on type 'PrismaClient<PrismaClientOptions, never, DefaultArgs>'.
app/api/should-dos/[id]/route.ts(61,14): error TS2339: Property 'shouldDoLike' does not exist on type 'PrismaClient<PrismaClientOptions, never, DefaultArgs>'.
app/api/should-dos/[id]/route.ts(98,35): error TS2339: Property 'shouldDo' does not exist on type 'PrismaClient<PrismaClientOptions, never, DefaultArgs>'.
app/api/should-dos/[id]/route.ts(109,32): error TS2339: Property 'shouldDo' does not exist on type 'PrismaClient<PrismaClientOptions, never, DefaultArgs>'.
app/api/should-dos/[id]/route.ts(126,32): error TS2339: Property 'shouldDoLike' does not exist on type 'PrismaClient<PrismaClientOptions, never, DefaultArgs>'.
app/api/should-dos/[id]/route.ts(157,35): error TS2339: Property 'shouldDo' does not exist on type 'PrismaClient<PrismaClientOptions, never, DefaultArgs>'.
app/api/should-dos/[id]/route.ts(168,18): error TS2339: Property 'shouldDo' does not exist on type 'PrismaClient<PrismaClientOptions, never, DefaultArgs>'.
app/api/should-dos/route.ts(73,14): error TS2339: Property 'shouldDo' does not exist on type 'PrismaClient<PrismaClientOptions, never, DefaultArgs>'.
app/api/should-dos/route.ts(83,14): error TS2339: Property 'shouldDoLike' does not exist on type 'PrismaClient<PrismaClientOptions, never, DefaultArgs>'.
app/api/should-dos/route.ts(89,41): error TS7006: Parameter 'entry' implicitly has an 'any' type.
app/api/should-dos/route.ts(90,31): error TS7006: Parameter 'entry' implicitly has an 'any' type.
app/api/should-dos/route.ts(90,68): error TS2345: Argument of type 'Set<unknown>' is not assignable to parameter of type 'Set<string>'.
  Type 'unknown' is not assignable to type 'string'.
app/api/should-dos/route.ts(114,32): error TS2339: Property 'shouldDo' does not exist on type 'PrismaClient<PrismaClientOptions, never, DefaultArgs>'.
app/api/todos/[id]/route.ts(76,10): error TS2339: Property 'scheduledTime' does not exist on type 'TodoUpdateInput'.
app/community/page.tsx(41,19): error TS2339: Property 'timeWindow' does not exist on type '{ user: { name: string; username: string | null; }; } & { id: string; createdAt: Date; updatedAt: Date; userId: string; cadence: string; description: string | null; title: string; category: HabitCategory; habitId: string; votesCount: number; }'.
app/dashboard/analytics/page.tsx(243,7): error TS2322: Type '{ summary: { totalHabits: number; averageStreak: number; averageCompletion: number; averageSuccessRate: number; topStreak: { name: string; streak: number; } | undefined; lookbackLabel: string; streakGoalDays: number | undefined; streakGoalProgress: number; streakGoalGap: number | null; bestStreak: number; }; ... 4 m...' is not assignable to type 'IntrinsicAttributes & Props'.
  Property 'habits' does not exist on type 'IntrinsicAttributes & Props'.
app/dashboard/components/todos-widget.tsx(92,37): error TS2339: Property 'scheduledTime' does not exist on type '{ id: string; description: string | null; createdAt: Date; updatedAt: Date; userId: string; status: TodoStatus; title: string; category: string | null; priority: TodoPriority; ... 8 more ...; archived: boolean; }'.
app/dashboard/habits/routines/[id]/edit/page.tsx(36,13): error TS2339: Property 'reminder' does not exist on type '{ id: string; name: string; description: string | null; cadence: string; startDate: Date; timeWindow: string | null; goalAmount: number; goalUnit: string; goalUnitCategory: string; createdAt: Date; updatedAt: Date; userId: string; sourcePopularPostId: string | null; dailyProgress: number; }'.
app/dashboard/habits/routines/[id]/edit/page.tsx(37,18): error TS2339: Property 'reminder' does not exist on type '{ id: string; name: string; description: string | null; cadence: string; startDate: Date; timeWindow: string | null; goalAmount: number; goalUnit: string; goalUnitCategory: string; createdAt: Date; updatedAt: Date; userId: string; sourcePopularPostId: string | null; dailyProgress: number; }'.
app/dashboard/habits/routines/page.tsx(44,13): error TS2339: Property 'reminder' does not exist on type '{ id: string; name: string; description: string | null; cadence: string; startDate: Date; timeWindow: string | null; goalAmount: number; goalUnit: string; goalUnitCategory: string; createdAt: Date; updatedAt: Date; userId: string; sourcePopularPostId: string | null; dailyProgress: number; }'.
app/dashboard/habits/routines/page.tsx(45,18): error TS2339: Property 'reminder' does not exist on type '{ id: string; name: string; description: string | null; cadence: string; startDate: Date; timeWindow: string | null; goalAmount: number; goalUnit: string; goalUnitCategory: string; createdAt: Date; updatedAt: Date; userId: string; sourcePopularPostId: string | null; dailyProgress: number; }'.
